Args in experiment:
Namespace(random_seed=2021, is_training=1, model_id='336_96', model='PatchTST', data='ETTh2', root_path='./dataset/', data_path='ETTh2.csv', features='M', target='OT', freq='h', checkpoints='./checkpoints/', seq_len=336, label_len=48, pred_len=96, fc_dropout=0.3, head_dropout=0.0, patch_len=16, stride=8, padding_patch='end', revin=1, affine=0, subtract_last=0, decomposition=0, kernel_size=25, individual=0, embed_type=0, enc_in=7, dec_in=7, c_out=7, d_model=16, n_heads=4, e_layers=3, d_layers=1, d_ff=128, moving_avg=25, factor=1, distil=True, dropout=0.3, embed='timeF', activation='gelu', output_attention=False, do_predict=False, num_workers=10, itr=1, train_epochs=100, batch_size=128, patience=100, learning_rate=0.0001, des='Exp', loss='mse', lradj='type3', pct_start=0.3, use_amp=False, use_gpu=True, gpu=0, use_multi_gpu=False, devices='0,1,2,3', test_flop=False)
Use GPU: cuda:0
>>>>>>>start training : 336_96_PatchTST_ETTh2_ftM_sl336_ll48_pl96_dm16_nh4_el3_dl1_df128_fc1_ebtimeF_dtTrue_Exp_0>>>>>>>>>>>>>>>>>>>>>>>>>>
train 8209
val 2785
test 2785
Epoch: 1 cost time: 36.505168199539185
Epoch: 1, Steps: 64 | Train Loss: 0.6764652 Vali Loss: 0.3606728 Test Loss: 0.4046951
Validation loss decreased (inf --> 0.360673).  Saving model ...
Updating learning rate to 0.0001
Epoch: 2 cost time: 43.12841010093689
Epoch: 2, Steps: 64 | Train Loss: 0.5841751 Vali Loss: 0.2610000 Test Loss: 0.3278800
Validation loss decreased (0.360673 --> 0.261000).  Saving model ...
Updating learning rate to 0.0001
Epoch: 3 cost time: 39.53345608711243
Epoch: 3, Steps: 64 | Train Loss: 0.4995259 Vali Loss: 0.2373673 Test Loss: 0.2987992
Validation loss decreased (0.261000 --> 0.237367).  Saving model ...
Updating learning rate to 0.0001
Epoch: 4 cost time: 35.73546123504639
Epoch: 4, Steps: 64 | Train Loss: 0.4614026 Vali Loss: 0.2228075 Test Loss: 0.2889200
Validation loss decreased (0.237367 --> 0.222808).  Saving model ...
Updating learning rate to 9e-05
Epoch: 5 cost time: 40.33885860443115
Epoch: 5, Steps: 64 | Train Loss: 0.4424604 Vali Loss: 0.2170872 Test Loss: 0.2828241
Validation loss decreased (0.222808 --> 0.217087).  Saving model ...
Updating learning rate to 8.1e-05
Epoch: 6 cost time: 41.050302028656006
Epoch: 6, Steps: 64 | Train Loss: 0.4322333 Vali Loss: 0.2148806 Test Loss: 0.2811169
Validation loss decreased (0.217087 --> 0.214881).  Saving model ...
Updating learning rate to 7.290000000000001e-05
Epoch: 7 cost time: 41.82254242897034
Epoch: 7, Steps: 64 | Train Loss: 0.4258444 Vali Loss: 0.2143989 Test Loss: 0.2786111
Validation loss decreased (0.214881 --> 0.214399).  Saving model ...
Updating learning rate to 6.561e-05
Epoch: 8 cost time: 34.95607542991638
Epoch: 8, Steps: 64 | Train Loss: 0.4210989 Vali Loss: 0.2131156 Test Loss: 0.2777166
Validation loss decreased (0.214399 --> 0.213116).  Saving model ...
Updating learning rate to 5.904900000000001e-05
Epoch: 9 cost time: 42.38869047164917
Epoch: 9, Steps: 64 | Train Loss: 0.4183779 Vali Loss: 0.2128046 Test Loss: 0.2767709
Validation loss decreased (0.213116 --> 0.212805).  Saving model ...
Updating learning rate to 5.3144100000000005e-05
Epoch: 10 cost time: 39.12144875526428
Epoch: 10, Steps: 64 | Train Loss: 0.4156653 Vali Loss: 0.2113061 Test Loss: 0.2764964
Validation loss decreased (0.212805 --> 0.211306).  Saving model ...
Updating learning rate to 4.782969000000001e-05
Epoch: 11 cost time: 39.28374433517456
Epoch: 11, Steps: 64 | Train Loss: 0.4152322 Vali Loss: 0.2118655 Test Loss: 0.2760959
EarlyStopping counter: 1 out of 100
Updating learning rate to 4.304672100000001e-05
Epoch: 12 cost time: 37.99842357635498
Epoch: 12, Steps: 64 | Train Loss: 0.4140818 Vali Loss: 0.2103691 Test Loss: 0.2759873
Validation loss decreased (0.211306 --> 0.210369).  Saving model ...
Updating learning rate to 3.874204890000001e-05
Epoch: 13 cost time: 35.47778940200806
Epoch: 13, Steps: 64 | Train Loss: 0.4127998 Vali Loss: 0.2105122 Test Loss: 0.2755485
EarlyStopping counter: 1 out of 100
Updating learning rate to 3.486784401000001e-05
Epoch: 14 cost time: 35.675208568573
Epoch: 14, Steps: 64 | Train Loss: 0.4113652 Vali Loss: 0.2095674 Test Loss: 0.2758835
Validation loss decreased (0.210369 --> 0.209567).  Saving model ...
Updating learning rate to 3.138105960900001e-05
Epoch: 15 cost time: 34.918710708618164
Epoch: 15, Steps: 64 | Train Loss: 0.4096640 Vali Loss: 0.2108584 Test Loss: 0.2751954
EarlyStopping counter: 1 out of 100
Updating learning rate to 2.824295364810001e-05
Epoch: 16 cost time: 44.13244342803955
Epoch: 16, Steps: 64 | Train Loss: 0.4107495 Vali Loss: 0.2103931 Test Loss: 0.2751536
EarlyStopping counter: 2 out of 100
Updating learning rate to 2.541865828329001e-05
Epoch: 17 cost time: 39.57386827468872
Epoch: 17, Steps: 64 | Train Loss: 0.4092706 Vali Loss: 0.2103494 Test Loss: 0.2750116
EarlyStopping counter: 3 out of 100
Updating learning rate to 2.287679245496101e-05
Epoch: 18 cost time: 37.7280707359314
Epoch: 18, Steps: 64 | Train Loss: 0.4096550 Vali Loss: 0.2106287 Test Loss: 0.2745279
EarlyStopping counter: 4 out of 100
Updating learning rate to 2.0589113209464907e-05
Epoch: 19 cost time: 36.2629132270813
Epoch: 19, Steps: 64 | Train Loss: 0.4084052 Vali Loss: 0.2113620 Test Loss: 0.2746257
EarlyStopping counter: 5 out of 100
Updating learning rate to 1.8530201888518416e-05
Epoch: 20 cost time: 36.808902978897095
Epoch: 20, Steps: 64 | Train Loss: 0.4078598 Vali Loss: 0.2091267 Test Loss: 0.2748497
Validation loss decreased (0.209567 --> 0.209127).  Saving model ...
Updating learning rate to 1.6677181699666577e-05
Epoch: 21 cost time: 39.762564182281494
Epoch: 21, Steps: 64 | Train Loss: 0.4077574 Vali Loss: 0.2113867 Test Loss: 0.2745024
EarlyStopping counter: 1 out of 100
Updating learning rate to 1.5009463529699919e-05
Epoch: 22 cost time: 33.269113302230835
Epoch: 22, Steps: 64 | Train Loss: 0.4073996 Vali Loss: 0.2100394 Test Loss: 0.2745833
EarlyStopping counter: 2 out of 100
Updating learning rate to 1.3508517176729929e-05
Epoch: 23 cost time: 36.126471519470215
Epoch: 23, Steps: 64 | Train Loss: 0.4073592 Vali Loss: 0.2098116 Test Loss: 0.2744862
EarlyStopping counter: 3 out of 100
Updating learning rate to 1.2157665459056936e-05
Epoch: 24 cost time: 41.35834717750549
Epoch: 24, Steps: 64 | Train Loss: 0.4070603 Vali Loss: 0.2096226 Test Loss: 0.2744851
EarlyStopping counter: 4 out of 100
Updating learning rate to 1.0941898913151242e-05
Epoch: 25 cost time: 34.551846504211426
Epoch: 25, Steps: 64 | Train Loss: 0.4073507 Vali Loss: 0.2104529 Test Loss: 0.2745254
EarlyStopping counter: 5 out of 100
Updating learning rate to 9.847709021836118e-06
Epoch: 26 cost time: 39.270216941833496
Epoch: 26, Steps: 64 | Train Loss: 0.4070078 Vali Loss: 0.2100536 Test Loss: 0.2744610
EarlyStopping counter: 6 out of 100
Updating learning rate to 8.862938119652508e-06
Epoch: 27 cost time: 47.19343876838684
Epoch: 27, Steps: 64 | Train Loss: 0.4062726 Vali Loss: 0.2100525 Test Loss: 0.2743880
EarlyStopping counter: 7 out of 100
Updating learning rate to 7.976644307687255e-06
Epoch: 28 cost time: 36.387824296951294
Epoch: 28, Steps: 64 | Train Loss: 0.4060293 Vali Loss: 0.2103705 Test Loss: 0.2743959
EarlyStopping counter: 8 out of 100
Updating learning rate to 7.178979876918531e-06
Epoch: 29 cost time: 35.68293333053589
Epoch: 29, Steps: 64 | Train Loss: 0.4062755 Vali Loss: 0.2107447 Test Loss: 0.2743825
EarlyStopping counter: 9 out of 100
Updating learning rate to 6.4610818892266776e-06
Epoch: 30 cost time: 41.37997078895569
Epoch: 30, Steps: 64 | Train Loss: 0.4050241 Vali Loss: 0.2104624 Test Loss: 0.2743449
EarlyStopping counter: 10 out of 100
Updating learning rate to 5.8149737003040096e-06
Epoch: 31 cost time: 34.53481340408325
Epoch: 31, Steps: 64 | Train Loss: 0.4061867 Vali Loss: 0.2088559 Test Loss: 0.2743439
Validation loss decreased (0.209127 --> 0.208856).  Saving model ...
Updating learning rate to 5.23347633027361e-06
Epoch: 32 cost time: 35.12337636947632
Epoch: 32, Steps: 64 | Train Loss: 0.4049396 Vali Loss: 0.2109111 Test Loss: 0.2742660
EarlyStopping counter: 1 out of 100
Updating learning rate to 4.710128697246249e-06
Epoch: 33 cost time: 38.299155473709106
Epoch: 33, Steps: 64 | Train Loss: 0.4051795 Vali Loss: 0.2108115 Test Loss: 0.2742747
EarlyStopping counter: 2 out of 100
Updating learning rate to 4.239115827521624e-06
Epoch: 34 cost time: 39.01208758354187
Epoch: 34, Steps: 64 | Train Loss: 0.4059067 Vali Loss: 0.2101437 Test Loss: 0.2742680
EarlyStopping counter: 3 out of 100
Updating learning rate to 3.815204244769462e-06
Epoch: 35 cost time: 36.12855100631714
Epoch: 35, Steps: 64 | Train Loss: 0.4049863 Vali Loss: 0.2100094 Test Loss: 0.2742954
EarlyStopping counter: 4 out of 100
Updating learning rate to 3.4336838202925152e-06
Epoch: 36 cost time: 42.27583193778992
Epoch: 36, Steps: 64 | Train Loss: 0.4054908 Vali Loss: 0.2102844 Test Loss: 0.2742264
EarlyStopping counter: 5 out of 100
Updating learning rate to 3.090315438263264e-06
Epoch: 37 cost time: 38.411957025527954
Epoch: 37, Steps: 64 | Train Loss: 0.4051578 Vali Loss: 0.2104983 Test Loss: 0.2742993
EarlyStopping counter: 6 out of 100
Updating learning rate to 2.7812838944369375e-06
Epoch: 38 cost time: 36.862526416778564
Epoch: 38, Steps: 64 | Train Loss: 0.4057997 Vali Loss: 0.2106659 Test Loss: 0.2742962
EarlyStopping counter: 7 out of 100
Updating learning rate to 2.503155504993244e-06
Epoch: 39 cost time: 33.261717081069946
Epoch: 39, Steps: 64 | Train Loss: 0.4062465 Vali Loss: 0.2105285 Test Loss: 0.2742645
EarlyStopping counter: 8 out of 100
Updating learning rate to 2.2528399544939195e-06
Epoch: 40 cost time: 40.931761264801025
Epoch: 40, Steps: 64 | Train Loss: 0.4048309 Vali Loss: 0.2099297 Test Loss: 0.2743195
EarlyStopping counter: 9 out of 100
Updating learning rate to 2.0275559590445276e-06
Epoch: 41 cost time: 35.17968153953552
Epoch: 41, Steps: 64 | Train Loss: 0.4054146 Vali Loss: 0.2089030 Test Loss: 0.2743876
EarlyStopping counter: 10 out of 100
Updating learning rate to 1.8248003631400751e-06
Epoch: 42 cost time: 38.48713564872742
Epoch: 42, Steps: 64 | Train Loss: 0.4048579 Vali Loss: 0.2098152 Test Loss: 0.2742627
EarlyStopping counter: 11 out of 100
Updating learning rate to 1.6423203268260676e-06
Epoch: 43 cost time: 42.257654905319214
Epoch: 43, Steps: 64 | Train Loss: 0.4043512 Vali Loss: 0.2097892 Test Loss: 0.2742765
EarlyStopping counter: 12 out of 100
Updating learning rate to 1.4780882941434609e-06
Epoch: 44 cost time: 36.99351739883423
Epoch: 44, Steps: 64 | Train Loss: 0.4041198 Vali Loss: 0.2095851 Test Loss: 0.2742615
EarlyStopping counter: 13 out of 100
Updating learning rate to 1.3302794647291146e-06
Epoch: 45 cost time: 38.50166368484497
Epoch: 45, Steps: 64 | Train Loss: 0.4053203 Vali Loss: 0.2096218 Test Loss: 0.2743032
EarlyStopping counter: 14 out of 100
Updating learning rate to 1.1972515182562034e-06
Epoch: 46 cost time: 35.752379417419434
Epoch: 46, Steps: 64 | Train Loss: 0.4063098 Vali Loss: 0.2099776 Test Loss: 0.2742844
EarlyStopping counter: 15 out of 100
Updating learning rate to 1.077526366430583e-06
Epoch: 47 cost time: 43.529531478881836
Epoch: 47, Steps: 64 | Train Loss: 0.4057582 Vali Loss: 0.2097217 Test Loss: 0.2743021
EarlyStopping counter: 16 out of 100
Updating learning rate to 9.697737297875248e-07
Epoch: 48 cost time: 35.73506808280945
Epoch: 48, Steps: 64 | Train Loss: 0.4051660 Vali Loss: 0.2099116 Test Loss: 0.2742918
EarlyStopping counter: 17 out of 100
Updating learning rate to 8.727963568087723e-07
Epoch: 49 cost time: 34.674962759017944
Epoch: 49, Steps: 64 | Train Loss: 0.4048786 Vali Loss: 0.2095856 Test Loss: 0.2742300
EarlyStopping counter: 18 out of 100
Updating learning rate to 7.855167211278951e-07
Epoch: 50 cost time: 32.107181549072266
Epoch: 50, Steps: 64 | Train Loss: 0.4050234 Vali Loss: 0.2090912 Test Loss: 0.2742871
EarlyStopping counter: 19 out of 100
Updating learning rate to 7.069650490151056e-07
Epoch: 51 cost time: 30.505141019821167
Epoch: 51, Steps: 64 | Train Loss: 0.4051139 Vali Loss: 0.2098649 Test Loss: 0.2742445
EarlyStopping counter: 20 out of 100
Updating learning rate to 6.36268544113595e-07
Epoch: 52 cost time: 37.506091833114624
Epoch: 52, Steps: 64 | Train Loss: 0.4050605 Vali Loss: 0.2097355 Test Loss: 0.2741499
EarlyStopping counter: 21 out of 100
Updating learning rate to 5.726416897022355e-07
Epoch: 53 cost time: 35.3948609828949
Epoch: 53, Steps: 64 | Train Loss: 0.4033571 Vali Loss: 0.2106505 Test Loss: 0.2742086
EarlyStopping counter: 22 out of 100
Updating learning rate to 5.15377520732012e-07
Epoch: 54 cost time: 38.87820553779602
Epoch: 54, Steps: 64 | Train Loss: 0.4043575 Vali Loss: 0.2095307 Test Loss: 0.2742382
EarlyStopping counter: 23 out of 100
Updating learning rate to 4.6383976865881085e-07
Epoch: 55 cost time: 31.856658697128296
Epoch: 55, Steps: 64 | Train Loss: 0.4056109 Vali Loss: 0.2100362 Test Loss: 0.2742424
EarlyStopping counter: 24 out of 100
Updating learning rate to 4.174557917929298e-07
Epoch: 56 cost time: 35.06740117073059
Epoch: 56, Steps: 64 | Train Loss: 0.4040375 Vali Loss: 0.2100306 Test Loss: 0.2742988
EarlyStopping counter: 25 out of 100
Updating learning rate to 3.7571021261363677e-07
Epoch: 57 cost time: 39.20173096656799
Epoch: 57, Steps: 64 | Train Loss: 0.4056590 Vali Loss: 0.2098583 Test Loss: 0.2742947
EarlyStopping counter: 26 out of 100
Updating learning rate to 3.381391913522731e-07
Epoch: 58 cost time: 37.01977896690369
Epoch: 58, Steps: 64 | Train Loss: 0.4034200 Vali Loss: 0.2096408 Test Loss: 0.2742502
EarlyStopping counter: 27 out of 100
Updating learning rate to 3.043252722170458e-07
Epoch: 59 cost time: 37.65331506729126
Epoch: 59, Steps: 64 | Train Loss: 0.4046799 Vali Loss: 0.2095176 Test Loss: 0.2743168
EarlyStopping counter: 28 out of 100
Updating learning rate to 2.7389274499534124e-07
Epoch: 60 cost time: 35.453593492507935
Epoch: 60, Steps: 64 | Train Loss: 0.4041955 Vali Loss: 0.2098664 Test Loss: 0.2742373
EarlyStopping counter: 29 out of 100
Updating learning rate to 2.465034704958071e-07
Epoch: 61 cost time: 42.76785445213318
Epoch: 61, Steps: 64 | Train Loss: 0.4049030 Vali Loss: 0.2091683 Test Loss: 0.2741957
EarlyStopping counter: 30 out of 100
Updating learning rate to 2.218531234462264e-07
Epoch: 62 cost time: 35.887742042541504
Epoch: 62, Steps: 64 | Train Loss: 0.4051149 Vali Loss: 0.2098150 Test Loss: 0.2742644
EarlyStopping counter: 31 out of 100
Updating learning rate to 1.9966781110160376e-07
Epoch: 63 cost time: 30.996882915496826
Epoch: 63, Steps: 64 | Train Loss: 0.4040786 Vali Loss: 0.2098654 Test Loss: 0.2741037
EarlyStopping counter: 32 out of 100
Updating learning rate to 1.797010299914434e-07
Epoch: 64 cost time: 31.133382081985474
Epoch: 64, Steps: 64 | Train Loss: 0.4053484 Vali Loss: 0.2098885 Test Loss: 0.2742590
EarlyStopping counter: 33 out of 100
Updating learning rate to 1.6173092699229907e-07
Epoch: 65 cost time: 34.035789251327515
Epoch: 65, Steps: 64 | Train Loss: 0.4053558 Vali Loss: 0.2092791 Test Loss: 0.2741778
EarlyStopping counter: 34 out of 100
Updating learning rate to 1.4555783429306916e-07
Epoch: 66 cost time: 31.98788571357727
Epoch: 66, Steps: 64 | Train Loss: 0.4047140 Vali Loss: 0.2104007 Test Loss: 0.2742186
EarlyStopping counter: 35 out of 100
Updating learning rate to 1.3100205086376224e-07
Epoch: 67 cost time: 35.538069009780884
Epoch: 67, Steps: 64 | Train Loss: 0.4051071 Vali Loss: 0.2104609 Test Loss: 0.2741396
EarlyStopping counter: 36 out of 100
Updating learning rate to 1.1790184577738603e-07
Epoch: 68 cost time: 29.99604892730713
Epoch: 68, Steps: 64 | Train Loss: 0.4047320 Vali Loss: 0.2098075 Test Loss: 0.2741558
EarlyStopping counter: 37 out of 100
Updating learning rate to 1.0611166119964742e-07
Epoch: 69 cost time: 32.89590406417847
Epoch: 69, Steps: 64 | Train Loss: 0.4044077 Vali Loss: 0.2094406 Test Loss: 0.2742459
EarlyStopping counter: 38 out of 100
Updating learning rate to 9.550049507968268e-08
Epoch: 70 cost time: 30.2712984085083
Epoch: 70, Steps: 64 | Train Loss: 0.4043418 Vali Loss: 0.2103842 Test Loss: 0.2742540
EarlyStopping counter: 39 out of 100
Updating learning rate to 8.595044557171442e-08
Epoch: 71 cost time: 36.65924286842346
Epoch: 71, Steps: 64 | Train Loss: 0.4054617 Vali Loss: 0.2101048 Test Loss: 0.2741746
EarlyStopping counter: 40 out of 100
Updating learning rate to 7.735540101454298e-08
Epoch: 72 cost time: 37.366257190704346
Epoch: 72, Steps: 64 | Train Loss: 0.4053189 Vali Loss: 0.2098604 Test Loss: 0.2741937
EarlyStopping counter: 41 out of 100
Updating learning rate to 6.961986091308869e-08
Epoch: 73 cost time: 40.61386227607727
Epoch: 73, Steps: 64 | Train Loss: 0.4048772 Vali Loss: 0.2101749 Test Loss: 0.2742126
EarlyStopping counter: 42 out of 100
Updating learning rate to 6.265787482177981e-08
Epoch: 74 cost time: 39.696781396865845
Epoch: 74, Steps: 64 | Train Loss: 0.4046690 Vali Loss: 0.2095490 Test Loss: 0.2742614
EarlyStopping counter: 43 out of 100
Updating learning rate to 5.639208733960184e-08
Epoch: 75 cost time: 41.335482597351074
Epoch: 75, Steps: 64 | Train Loss: 0.4051098 Vali Loss: 0.2104945 Test Loss: 0.2743109
EarlyStopping counter: 44 out of 100
Updating learning rate to 5.075287860564165e-08
Epoch: 76 cost time: 40.529993772506714
Epoch: 76, Steps: 64 | Train Loss: 0.4039167 Vali Loss: 0.2101171 Test Loss: 0.2741688
EarlyStopping counter: 45 out of 100
Updating learning rate to 4.567759074507749e-08
Epoch: 77 cost time: 37.914445638656616
Epoch: 77, Steps: 64 | Train Loss: 0.4045995 Vali Loss: 0.2096309 Test Loss: 0.2741911
EarlyStopping counter: 46 out of 100
Updating learning rate to 4.1109831670569744e-08
Epoch: 78 cost time: 41.773621559143066
Epoch: 78, Steps: 64 | Train Loss: 0.4044662 Vali Loss: 0.2090474 Test Loss: 0.2742520
EarlyStopping counter: 47 out of 100
Updating learning rate to 3.6998848503512764e-08
Epoch: 79 cost time: 41.10552144050598
Epoch: 79, Steps: 64 | Train Loss: 0.4044468 Vali Loss: 0.2104217 Test Loss: 0.2742609
EarlyStopping counter: 48 out of 100
Updating learning rate to 3.3298963653161496e-08
Epoch: 80 cost time: 38.413618326187134
Epoch: 80, Steps: 64 | Train Loss: 0.4050128 Vali Loss: 0.2089508 Test Loss: 0.2742013
EarlyStopping counter: 49 out of 100
Updating learning rate to 2.996906728784534e-08
Epoch: 81 cost time: 34.61296105384827
Epoch: 81, Steps: 64 | Train Loss: 0.4041068 Vali Loss: 0.2097689 Test Loss: 0.2742141
EarlyStopping counter: 50 out of 100
Updating learning rate to 2.697216055906081e-08
Epoch: 82 cost time: 35.19086217880249
Epoch: 82, Steps: 64 | Train Loss: 0.4041921 Vali Loss: 0.2093589 Test Loss: 0.2742262
EarlyStopping counter: 51 out of 100
Updating learning rate to 2.427494450315473e-08
Epoch: 83 cost time: 39.90984225273132
Epoch: 83, Steps: 64 | Train Loss: 0.4042955 Vali Loss: 0.2094711 Test Loss: 0.2741862
EarlyStopping counter: 52 out of 100
Updating learning rate to 2.1847450052839257e-08
Epoch: 84 cost time: 31.82480812072754
Epoch: 84, Steps: 64 | Train Loss: 0.4041289 Vali Loss: 0.2097805 Test Loss: 0.2742375
EarlyStopping counter: 53 out of 100
Updating learning rate to 1.9662705047555332e-08
Epoch: 85 cost time: 40.248769998550415
Epoch: 85, Steps: 64 | Train Loss: 0.4050397 Vali Loss: 0.2086653 Test Loss: 0.2742767
Validation loss decreased (0.208856 --> 0.208665).  Saving model ...
Updating learning rate to 1.7696434542799797e-08
Epoch: 86 cost time: 40.08985614776611
Epoch: 86, Steps: 64 | Train Loss: 0.4058586 Vali Loss: 0.2090893 Test Loss: 0.2742497
EarlyStopping counter: 1 out of 100
Updating learning rate to 1.5926791088519817e-08
Epoch: 87 cost time: 41.72833585739136
Epoch: 87, Steps: 64 | Train Loss: 0.4048304 Vali Loss: 0.2093100 Test Loss: 0.2742255
EarlyStopping counter: 2 out of 100
Updating learning rate to 1.4334111979667836e-08
Epoch: 88 cost time: 42.56278371810913
Epoch: 88, Steps: 64 | Train Loss: 0.4033870 Vali Loss: 0.2100769 Test Loss: 0.2741443
EarlyStopping counter: 3 out of 100
Updating learning rate to 1.2900700781701054e-08
Epoch: 89 cost time: 36.43738651275635
Epoch: 89, Steps: 64 | Train Loss: 0.4053921 Vali Loss: 0.2100971 Test Loss: 0.2742590
EarlyStopping counter: 4 out of 100
Updating learning rate to 1.161063070353095e-08
Epoch: 90 cost time: 39.63922381401062
Epoch: 90, Steps: 64 | Train Loss: 0.4042891 Vali Loss: 0.2109364 Test Loss: 0.2741877
EarlyStopping counter: 5 out of 100
Updating learning rate to 1.0449567633177854e-08
Epoch: 91 cost time: 37.82812786102295
Epoch: 91, Steps: 64 | Train Loss: 0.4042157 Vali Loss: 0.2085354 Test Loss: 0.2742206
Validation loss decreased (0.208665 --> 0.208535).  Saving model ...
Updating learning rate to 9.404610869860069e-09
Epoch: 92 cost time: 38.28863525390625
Epoch: 92, Steps: 64 | Train Loss: 0.4051240 Vali Loss: 0.2098814 Test Loss: 0.2741718
EarlyStopping counter: 1 out of 100
Updating learning rate to 8.464149782874063e-09
Epoch: 93 cost time: 42.68242025375366
Epoch: 93, Steps: 64 | Train Loss: 0.4050215 Vali Loss: 0.2100205 Test Loss: 0.2741557
EarlyStopping counter: 2 out of 100
Updating learning rate to 7.617734804586658e-09
Epoch: 94 cost time: 41.260831117630005
Epoch: 94, Steps: 64 | Train Loss: 0.4049082 Vali Loss: 0.2100066 Test Loss: 0.2740747
EarlyStopping counter: 3 out of 100
Updating learning rate to 6.855961324127991e-09
Epoch: 95 cost time: 36.229859828948975
Epoch: 95, Steps: 64 | Train Loss: 0.4043308 Vali Loss: 0.2096063 Test Loss: 0.2742461
EarlyStopping counter: 4 out of 100
Updating learning rate to 6.170365191715193e-09
Epoch: 96 cost time: 35.36806321144104
Epoch: 96, Steps: 64 | Train Loss: 0.4055291 Vali Loss: 0.2104640 Test Loss: 0.2742671
EarlyStopping counter: 5 out of 100
Updating learning rate to 5.5533286725436726e-09
Epoch: 97 cost time: 31.231910467147827
Epoch: 97, Steps: 64 | Train Loss: 0.4050880 Vali Loss: 0.2096173 Test Loss: 0.2742498
EarlyStopping counter: 6 out of 100
Updating learning rate to 4.997995805289306e-09
Epoch: 98 cost time: 38.01200318336487
Epoch: 98, Steps: 64 | Train Loss: 0.4052726 Vali Loss: 0.2095886 Test Loss: 0.2742629
EarlyStopping counter: 7 out of 100
Updating learning rate to 4.498196224760375e-09
Epoch: 99 cost time: 33.15414547920227
Epoch: 99, Steps: 64 | Train Loss: 0.4052288 Vali Loss: 0.2098724 Test Loss: 0.2742639
EarlyStopping counter: 8 out of 100
Updating learning rate to 4.048376602284338e-09
Epoch: 100 cost time: 34.70611047744751
Epoch: 100, Steps: 64 | Train Loss: 0.4043843 Vali Loss: 0.2092862 Test Loss: 0.2741731
EarlyStopping counter: 9 out of 100
Updating learning rate to 3.643538942055904e-09
>>>>>>>testing : 336_96_PatchTST_ETTh2_ftM_sl336_ll48_pl96_dm16_nh4_el3_dl1_df128_fc1_ebtimeF_dtTrue_Exp_0<<<<<<<<<<<<<<<<<<<<<<<<<<<<<<<<<
test 2785
mse:0.27422061562538147, mae:0.33605504035949707, rse:0.4183312654495239
