Args in experiment:
Namespace(random_seed=2021, is_training=1, model_id='336_192', model='PatchTST', data='ETTh1', root_path='./dataset/', data_path='ETTh1.csv', features='M', target='OT', freq='h', checkpoints='./checkpoints/', seq_len=336, label_len=48, pred_len=192, fc_dropout=0.3, head_dropout=0.0, patch_len=16, stride=8, padding_patch='end', revin=1, affine=0, subtract_last=0, decomposition=0, kernel_size=25, individual=0, embed_type=0, enc_in=7, dec_in=7, c_out=7, d_model=16, n_heads=4, e_layers=3, d_layers=1, d_ff=128, moving_avg=25, factor=1, distil=True, dropout=0.3, embed='timeF', activation='gelu', output_attention=False, do_predict=False, num_workers=10, itr=1, train_epochs=100, batch_size=128, patience=100, learning_rate=0.0001, des='Exp', loss='mse', lradj='type3', pct_start=0.3, use_amp=False, use_gpu=True, gpu=0, use_multi_gpu=False, devices='0,1,2,3', test_flop=False)
Use GPU: cuda:0
>>>>>>>start training : 336_192_PatchTST_ETTh1_ftM_sl336_ll48_pl192_dm16_nh4_el3_dl1_df128_fc1_ebtimeF_dtTrue_Exp_0>>>>>>>>>>>>>>>>>>>>>>>>>>
train 8113
val 2689
test 2689
Epoch: 1 cost time: 48.99088931083679
Epoch: 1, Steps: 63 | Train Loss: 0.7652286 Vali Loss: 1.5942835 Test Loss: 0.8058945
Validation loss decreased (inf --> 1.594283).  Saving model ...
Updating learning rate to 0.0001
Epoch: 2 cost time: 47.91520380973816
Epoch: 2, Steps: 63 | Train Loss: 0.6117128 Vali Loss: 1.1042242 Test Loss: 0.5070051
Validation loss decreased (1.594283 --> 1.104224).  Saving model ...
Updating learning rate to 0.0001
Epoch: 3 cost time: 47.86612939834595
Epoch: 3, Steps: 63 | Train Loss: 0.5062727 Vali Loss: 1.0099909 Test Loss: 0.4616060
Validation loss decreased (1.104224 --> 1.009991).  Saving model ...
Updating learning rate to 0.0001
Epoch: 4 cost time: 47.909268379211426
Epoch: 4, Steps: 63 | Train Loss: 0.4710308 Vali Loss: 0.9670731 Test Loss: 0.4447977
Validation loss decreased (1.009991 --> 0.967073).  Saving model ...
Updating learning rate to 9e-05
Epoch: 5 cost time: 48.40005922317505
Epoch: 5, Steps: 63 | Train Loss: 0.4524643 Vali Loss: 0.9508225 Test Loss: 0.4353522
Validation loss decreased (0.967073 --> 0.950823).  Saving model ...
Updating learning rate to 8.1e-05
Epoch: 6 cost time: 47.42012810707092
Epoch: 6, Steps: 63 | Train Loss: 0.4417327 Vali Loss: 0.9404379 Test Loss: 0.4292940
Validation loss decreased (0.950823 --> 0.940438).  Saving model ...
Updating learning rate to 7.290000000000001e-05
Epoch: 7 cost time: 48.34426498413086
Epoch: 7, Steps: 63 | Train Loss: 0.4348997 Vali Loss: 0.9372588 Test Loss: 0.4254026
Validation loss decreased (0.940438 --> 0.937259).  Saving model ...
Updating learning rate to 6.561e-05
Epoch: 8 cost time: 48.885502099990845
Epoch: 8, Steps: 63 | Train Loss: 0.4306239 Vali Loss: 0.9341365 Test Loss: 0.4226764
Validation loss decreased (0.937259 --> 0.934137).  Saving model ...
Updating learning rate to 5.904900000000001e-05
Epoch: 9 cost time: 48.16882061958313
Epoch: 9, Steps: 63 | Train Loss: 0.4272597 Vali Loss: 0.9307485 Test Loss: 0.4206504
Validation loss decreased (0.934137 --> 0.930749).  Saving model ...
Updating learning rate to 5.3144100000000005e-05
Epoch: 10 cost time: 48.64002466201782
Epoch: 10, Steps: 63 | Train Loss: 0.4245938 Vali Loss: 0.9307472 Test Loss: 0.4192455
Validation loss decreased (0.930749 --> 0.930747).  Saving model ...
Updating learning rate to 4.782969000000001e-05
Epoch: 11 cost time: 49.06955575942993
Epoch: 11, Steps: 63 | Train Loss: 0.4227678 Vali Loss: 0.9297749 Test Loss: 0.4185089
Validation loss decreased (0.930747 --> 0.929775).  Saving model ...
Updating learning rate to 4.304672100000001e-05
Epoch: 12 cost time: 47.58408880233765
Epoch: 12, Steps: 63 | Train Loss: 0.4217565 Vali Loss: 0.9283158 Test Loss: 0.4173183
Validation loss decreased (0.929775 --> 0.928316).  Saving model ...
Updating learning rate to 3.874204890000001e-05
Epoch: 13 cost time: 47.74623727798462
Epoch: 13, Steps: 63 | Train Loss: 0.4203546 Vali Loss: 0.9273761 Test Loss: 0.4166671
Validation loss decreased (0.928316 --> 0.927376).  Saving model ...
Updating learning rate to 3.486784401000001e-05
Epoch: 14 cost time: 47.6787748336792
Epoch: 14, Steps: 63 | Train Loss: 0.4196816 Vali Loss: 0.9277590 Test Loss: 0.4162608
EarlyStopping counter: 1 out of 100
Updating learning rate to 3.138105960900001e-05
Epoch: 15 cost time: 47.131479024887085
Epoch: 15, Steps: 63 | Train Loss: 0.4183190 Vali Loss: 0.9273087 Test Loss: 0.4157058
Validation loss decreased (0.927376 --> 0.927309).  Saving model ...
Updating learning rate to 2.824295364810001e-05
Epoch: 16 cost time: 47.101914167404175
Epoch: 16, Steps: 63 | Train Loss: 0.4177160 Vali Loss: 0.9261627 Test Loss: 0.4156202
Validation loss decreased (0.927309 --> 0.926163).  Saving model ...
Updating learning rate to 2.541865828329001e-05
Epoch: 17 cost time: 48.5003719329834
Epoch: 17, Steps: 63 | Train Loss: 0.4170545 Vali Loss: 0.9271513 Test Loss: 0.4152694
EarlyStopping counter: 1 out of 100
Updating learning rate to 2.287679245496101e-05
Epoch: 18 cost time: 47.48846125602722
Epoch: 18, Steps: 63 | Train Loss: 0.4166640 Vali Loss: 0.9260741 Test Loss: 0.4149253
Validation loss decreased (0.926163 --> 0.926074).  Saving model ...
Updating learning rate to 2.0589113209464907e-05
Epoch: 19 cost time: 47.9751763343811
Epoch: 19, Steps: 63 | Train Loss: 0.4156784 Vali Loss: 0.9264462 Test Loss: 0.4148939
EarlyStopping counter: 1 out of 100
Updating learning rate to 1.8530201888518416e-05
Epoch: 20 cost time: 47.24561405181885
Epoch: 20, Steps: 63 | Train Loss: 0.4156318 Vali Loss: 0.9267705 Test Loss: 0.4146809
EarlyStopping counter: 2 out of 100
Updating learning rate to 1.6677181699666577e-05
Epoch: 21 cost time: 47.296528577804565
Epoch: 21, Steps: 63 | Train Loss: 0.4146358 Vali Loss: 0.9269593 Test Loss: 0.4144937
EarlyStopping counter: 3 out of 100
Updating learning rate to 1.5009463529699919e-05
Epoch: 22 cost time: 49.102394580841064
Epoch: 22, Steps: 63 | Train Loss: 0.4150373 Vali Loss: 0.9266706 Test Loss: 0.4145125
EarlyStopping counter: 4 out of 100
Updating learning rate to 1.3508517176729929e-05
Epoch: 23 cost time: 47.10441827774048
Epoch: 23, Steps: 63 | Train Loss: 0.4146780 Vali Loss: 0.9264117 Test Loss: 0.4142687
EarlyStopping counter: 5 out of 100
Updating learning rate to 1.2157665459056936e-05
Epoch: 24 cost time: 46.635735511779785
Epoch: 24, Steps: 63 | Train Loss: 0.4145975 Vali Loss: 0.9263821 Test Loss: 0.4142295
EarlyStopping counter: 6 out of 100
Updating learning rate to 1.0941898913151242e-05
Epoch: 25 cost time: 48.26215481758118
Epoch: 25, Steps: 63 | Train Loss: 0.4142567 Vali Loss: 0.9263108 Test Loss: 0.4141498
EarlyStopping counter: 7 out of 100
Updating learning rate to 9.847709021836118e-06
Epoch: 26 cost time: 47.36558794975281
Epoch: 26, Steps: 63 | Train Loss: 0.4140945 Vali Loss: 0.9262877 Test Loss: 0.4141639
EarlyStopping counter: 8 out of 100
Updating learning rate to 8.862938119652508e-06
Epoch: 27 cost time: 47.873131275177
Epoch: 27, Steps: 63 | Train Loss: 0.4136204 Vali Loss: 0.9264786 Test Loss: 0.4140492
EarlyStopping counter: 9 out of 100
Updating learning rate to 7.976644307687255e-06
Epoch: 28 cost time: 48.092511892318726
Epoch: 28, Steps: 63 | Train Loss: 0.4137312 Vali Loss: 0.9263930 Test Loss: 0.4140431
EarlyStopping counter: 10 out of 100
Updating learning rate to 7.178979876918531e-06
Epoch: 29 cost time: 48.54336929321289
Epoch: 29, Steps: 63 | Train Loss: 0.4135734 Vali Loss: 0.9259259 Test Loss: 0.4139621
Validation loss decreased (0.926074 --> 0.925926).  Saving model ...
Updating learning rate to 6.4610818892266776e-06
Epoch: 30 cost time: 47.326499462127686
Epoch: 30, Steps: 63 | Train Loss: 0.4136274 Vali Loss: 0.9262426 Test Loss: 0.4138922
EarlyStopping counter: 1 out of 100
Updating learning rate to 5.8149737003040096e-06
Epoch: 31 cost time: 47.64851951599121
Epoch: 31, Steps: 63 | Train Loss: 0.4133695 Vali Loss: 0.9263545 Test Loss: 0.4138392
EarlyStopping counter: 2 out of 100
Updating learning rate to 5.23347633027361e-06
Epoch: 32 cost time: 47.278661251068115
Epoch: 32, Steps: 63 | Train Loss: 0.4131598 Vali Loss: 0.9260347 Test Loss: 0.4138687
EarlyStopping counter: 3 out of 100
Updating learning rate to 4.710128697246249e-06
Epoch: 33 cost time: 47.49860191345215
Epoch: 33, Steps: 63 | Train Loss: 0.4131172 Vali Loss: 0.9258646 Test Loss: 0.4138450
Validation loss decreased (0.925926 --> 0.925865).  Saving model ...
Updating learning rate to 4.239115827521624e-06
Epoch: 34 cost time: 46.45576810836792
Epoch: 34, Steps: 63 | Train Loss: 0.4128638 Vali Loss: 0.9256381 Test Loss: 0.4138007
Validation loss decreased (0.925865 --> 0.925638).  Saving model ...
Updating learning rate to 3.815204244769462e-06
Epoch: 35 cost time: 44.07571029663086
Epoch: 35, Steps: 63 | Train Loss: 0.4129344 Vali Loss: 0.9263059 Test Loss: 0.4138322
EarlyStopping counter: 1 out of 100
Updating learning rate to 3.4336838202925152e-06
Epoch: 36 cost time: 45.63268733024597
Epoch: 36, Steps: 63 | Train Loss: 0.4127534 Vali Loss: 0.9260285 Test Loss: 0.4138001
EarlyStopping counter: 2 out of 100
Updating learning rate to 3.090315438263264e-06
Epoch: 37 cost time: 46.27542591094971
Epoch: 37, Steps: 63 | Train Loss: 0.4124793 Vali Loss: 0.9261209 Test Loss: 0.4138301
EarlyStopping counter: 3 out of 100
Updating learning rate to 2.7812838944369375e-06
Epoch: 38 cost time: 45.92646098136902
Epoch: 38, Steps: 63 | Train Loss: 0.4125087 Vali Loss: 0.9254919 Test Loss: 0.4137557
Validation loss decreased (0.925638 --> 0.925492).  Saving model ...
Updating learning rate to 2.503155504993244e-06
Epoch: 39 cost time: 44.92351460456848
Epoch: 39, Steps: 63 | Train Loss: 0.4122919 Vali Loss: 0.9257193 Test Loss: 0.4137895
EarlyStopping counter: 1 out of 100
Updating learning rate to 2.2528399544939195e-06
Epoch: 40 cost time: 45.73056769371033
Epoch: 40, Steps: 63 | Train Loss: 0.4124749 Vali Loss: 0.9259170 Test Loss: 0.4137655
EarlyStopping counter: 2 out of 100
Updating learning rate to 2.0275559590445276e-06
Epoch: 41 cost time: 46.311073780059814
Epoch: 41, Steps: 63 | Train Loss: 0.4125282 Vali Loss: 0.9258028 Test Loss: 0.4137456
EarlyStopping counter: 3 out of 100
Updating learning rate to 1.8248003631400751e-06
Epoch: 42 cost time: 46.11052393913269
Epoch: 42, Steps: 63 | Train Loss: 0.4122922 Vali Loss: 0.9259875 Test Loss: 0.4137610
EarlyStopping counter: 4 out of 100
Updating learning rate to 1.6423203268260676e-06
Epoch: 43 cost time: 46.75836658477783
Epoch: 43, Steps: 63 | Train Loss: 0.4124772 Vali Loss: 0.9262059 Test Loss: 0.4137003
EarlyStopping counter: 5 out of 100
Updating learning rate to 1.4780882941434609e-06
Epoch: 44 cost time: 43.1014678478241
Epoch: 44, Steps: 63 | Train Loss: 0.4123987 Vali Loss: 0.9259623 Test Loss: 0.4136654
EarlyStopping counter: 6 out of 100
Updating learning rate to 1.3302794647291146e-06
Epoch: 45 cost time: 44.893009424209595
Epoch: 45, Steps: 63 | Train Loss: 0.4122926 Vali Loss: 0.9257343 Test Loss: 0.4137551
EarlyStopping counter: 7 out of 100
Updating learning rate to 1.1972515182562034e-06
Epoch: 46 cost time: 45.26632380485535
Epoch: 46, Steps: 63 | Train Loss: 0.4119872 Vali Loss: 0.9259560 Test Loss: 0.4137002
EarlyStopping counter: 8 out of 100
Updating learning rate to 1.077526366430583e-06
Epoch: 47 cost time: 45.000264406204224
Epoch: 47, Steps: 63 | Train Loss: 0.4123100 Vali Loss: 0.9257547 Test Loss: 0.4137205
EarlyStopping counter: 9 out of 100
Updating learning rate to 9.697737297875248e-07
Epoch: 48 cost time: 44.881152629852295
Epoch: 48, Steps: 63 | Train Loss: 0.4119858 Vali Loss: 0.9257485 Test Loss: 0.4136780
EarlyStopping counter: 10 out of 100
Updating learning rate to 8.727963568087723e-07
Epoch: 49 cost time: 44.953458309173584
Epoch: 49, Steps: 63 | Train Loss: 0.4126471 Vali Loss: 0.9260548 Test Loss: 0.4136565
EarlyStopping counter: 11 out of 100
Updating learning rate to 7.855167211278951e-07
Epoch: 50 cost time: 45.37089538574219
Epoch: 50, Steps: 63 | Train Loss: 0.4126600 Vali Loss: 0.9262975 Test Loss: 0.4137209
EarlyStopping counter: 12 out of 100
Updating learning rate to 7.069650490151056e-07
Epoch: 51 cost time: 47.03732228279114
Epoch: 51, Steps: 63 | Train Loss: 0.4120403 Vali Loss: 0.9260238 Test Loss: 0.4137383
EarlyStopping counter: 13 out of 100
Updating learning rate to 6.36268544113595e-07
Epoch: 52 cost time: 43.51541805267334
Epoch: 52, Steps: 63 | Train Loss: 0.4120864 Vali Loss: 0.9259579 Test Loss: 0.4136911
EarlyStopping counter: 14 out of 100
Updating learning rate to 5.726416897022355e-07
Epoch: 53 cost time: 46.608072996139526
Epoch: 53, Steps: 63 | Train Loss: 0.4124038 Vali Loss: 0.9261374 Test Loss: 0.4137052
EarlyStopping counter: 15 out of 100
Updating learning rate to 5.15377520732012e-07
Epoch: 54 cost time: 43.93580603599548
Epoch: 54, Steps: 63 | Train Loss: 0.4123278 Vali Loss: 0.9259431 Test Loss: 0.4136540
EarlyStopping counter: 16 out of 100
Updating learning rate to 4.6383976865881085e-07
Epoch: 55 cost time: 45.608824491500854
Epoch: 55, Steps: 63 | Train Loss: 0.4120466 Vali Loss: 0.9262702 Test Loss: 0.4136646
EarlyStopping counter: 17 out of 100
Updating learning rate to 4.174557917929298e-07
Epoch: 56 cost time: 45.03733015060425
Epoch: 56, Steps: 63 | Train Loss: 0.4123509 Vali Loss: 0.9260804 Test Loss: 0.4136614
EarlyStopping counter: 18 out of 100
Updating learning rate to 3.7571021261363677e-07
Epoch: 57 cost time: 45.736648082733154
Epoch: 57, Steps: 63 | Train Loss: 0.4122743 Vali Loss: 0.9261420 Test Loss: 0.4136973
EarlyStopping counter: 19 out of 100
Updating learning rate to 3.381391913522731e-07
Epoch: 58 cost time: 46.44990086555481
Epoch: 58, Steps: 63 | Train Loss: 0.4118901 Vali Loss: 0.9261361 Test Loss: 0.4136244
EarlyStopping counter: 20 out of 100
Updating learning rate to 3.043252722170458e-07
Epoch: 59 cost time: 45.424901723861694
Epoch: 59, Steps: 63 | Train Loss: 0.4121000 Vali Loss: 0.9262654 Test Loss: 0.4136377
EarlyStopping counter: 21 out of 100
Updating learning rate to 2.7389274499534124e-07
Epoch: 60 cost time: 45.230995655059814
Epoch: 60, Steps: 63 | Train Loss: 0.4123100 Vali Loss: 0.9262569 Test Loss: 0.4136686
EarlyStopping counter: 22 out of 100
Updating learning rate to 2.465034704958071e-07
Epoch: 61 cost time: 44.3407461643219
Epoch: 61, Steps: 63 | Train Loss: 0.4120857 Vali Loss: 0.9260956 Test Loss: 0.4136109
EarlyStopping counter: 23 out of 100
Updating learning rate to 2.218531234462264e-07
Epoch: 62 cost time: 45.87580323219299
Epoch: 62, Steps: 63 | Train Loss: 0.4123921 Vali Loss: 0.9258667 Test Loss: 0.4136850
EarlyStopping counter: 24 out of 100
Updating learning rate to 1.9966781110160376e-07
Epoch: 63 cost time: 42.76766014099121
Epoch: 63, Steps: 63 | Train Loss: 0.4123751 Vali Loss: 0.9261904 Test Loss: 0.4136260
EarlyStopping counter: 25 out of 100
Updating learning rate to 1.797010299914434e-07
Epoch: 64 cost time: 45.788371086120605
Epoch: 64, Steps: 63 | Train Loss: 0.4115861 Vali Loss: 0.9257783 Test Loss: 0.4137723
EarlyStopping counter: 26 out of 100
Updating learning rate to 1.6173092699229907e-07
Epoch: 65 cost time: 43.130704164505005
Epoch: 65, Steps: 63 | Train Loss: 0.4121081 Vali Loss: 0.9261438 Test Loss: 0.4136484
EarlyStopping counter: 27 out of 100
Updating learning rate to 1.4555783429306916e-07
Epoch: 66 cost time: 45.7271990776062
Epoch: 66, Steps: 63 | Train Loss: 0.4117078 Vali Loss: 0.9261160 Test Loss: 0.4136915
EarlyStopping counter: 28 out of 100
Updating learning rate to 1.3100205086376224e-07
Epoch: 67 cost time: 46.7784321308136
Epoch: 67, Steps: 63 | Train Loss: 0.4122439 Vali Loss: 0.9261719 Test Loss: 0.4137110
EarlyStopping counter: 29 out of 100
Updating learning rate to 1.1790184577738603e-07
Epoch: 68 cost time: 43.81051731109619
Epoch: 68, Steps: 63 | Train Loss: 0.4125481 Vali Loss: 0.9262435 Test Loss: 0.4137418
EarlyStopping counter: 30 out of 100
Updating learning rate to 1.0611166119964742e-07
Epoch: 69 cost time: 45.73586440086365
Epoch: 69, Steps: 63 | Train Loss: 0.4116288 Vali Loss: 0.9261598 Test Loss: 0.4136455
EarlyStopping counter: 31 out of 100
Updating learning rate to 9.550049507968268e-08
Epoch: 70 cost time: 46.408207654953
Epoch: 70, Steps: 63 | Train Loss: 0.4121025 Vali Loss: 0.9253861 Test Loss: 0.4136714
Validation loss decreased (0.925492 --> 0.925386).  Saving model ...
Updating learning rate to 8.595044557171442e-08
Epoch: 71 cost time: 43.39709210395813
Epoch: 71, Steps: 63 | Train Loss: 0.4122922 Vali Loss: 0.9261483 Test Loss: 0.4136218
EarlyStopping counter: 1 out of 100
Updating learning rate to 7.735540101454298e-08
Epoch: 72 cost time: 42.11096525192261
Epoch: 72, Steps: 63 | Train Loss: 0.4121154 Vali Loss: 0.9259446 Test Loss: 0.4136543
EarlyStopping counter: 2 out of 100
Updating learning rate to 6.961986091308869e-08
Epoch: 73 cost time: 40.79897117614746
Epoch: 73, Steps: 63 | Train Loss: 0.4118414 Vali Loss: 0.9258741 Test Loss: 0.4136571
EarlyStopping counter: 3 out of 100
Updating learning rate to 6.265787482177981e-08
Epoch: 74 cost time: 43.885873794555664
Epoch: 74, Steps: 63 | Train Loss: 0.4113389 Vali Loss: 0.9262255 Test Loss: 0.4136405
EarlyStopping counter: 4 out of 100
Updating learning rate to 5.639208733960184e-08
Epoch: 75 cost time: 44.44762468338013
Epoch: 75, Steps: 63 | Train Loss: 0.4121974 Vali Loss: 0.9258352 Test Loss: 0.4136746
EarlyStopping counter: 5 out of 100
Updating learning rate to 5.075287860564165e-08
Epoch: 76 cost time: 44.1988422870636
Epoch: 76, Steps: 63 | Train Loss: 0.4117747 Vali Loss: 0.9261201 Test Loss: 0.4137088
EarlyStopping counter: 6 out of 100
Updating learning rate to 4.567759074507749e-08
Epoch: 77 cost time: 44.382588148117065
Epoch: 77, Steps: 63 | Train Loss: 0.4124273 Vali Loss: 0.9259080 Test Loss: 0.4136821
EarlyStopping counter: 7 out of 100
Updating learning rate to 4.1109831670569744e-08
Epoch: 78 cost time: 40.59386372566223
Epoch: 78, Steps: 63 | Train Loss: 0.4123268 Vali Loss: 0.9263611 Test Loss: 0.4136828
EarlyStopping counter: 8 out of 100
Updating learning rate to 3.6998848503512764e-08
Epoch: 79 cost time: 45.12809109687805
Epoch: 79, Steps: 63 | Train Loss: 0.4119559 Vali Loss: 0.9262557 Test Loss: 0.4136595
EarlyStopping counter: 9 out of 100
Updating learning rate to 3.3298963653161496e-08
Epoch: 80 cost time: 44.20428228378296
Epoch: 80, Steps: 63 | Train Loss: 0.4125603 Vali Loss: 0.9261501 Test Loss: 0.4136454
EarlyStopping counter: 10 out of 100
Updating learning rate to 2.996906728784534e-08
Epoch: 81 cost time: 42.193129777908325
Epoch: 81, Steps: 63 | Train Loss: 0.4116774 Vali Loss: 0.9259448 Test Loss: 0.4136977
EarlyStopping counter: 11 out of 100
Updating learning rate to 2.697216055906081e-08
Epoch: 82 cost time: 44.31790542602539
Epoch: 82, Steps: 63 | Train Loss: 0.4120900 Vali Loss: 0.9260753 Test Loss: 0.4136119
EarlyStopping counter: 12 out of 100
Updating learning rate to 2.427494450315473e-08
Epoch: 83 cost time: 44.79564094543457
Epoch: 83, Steps: 63 | Train Loss: 0.4119869 Vali Loss: 0.9262680 Test Loss: 0.4136335
EarlyStopping counter: 13 out of 100
Updating learning rate to 2.1847450052839257e-08
Epoch: 84 cost time: 39.019858837127686
Epoch: 84, Steps: 63 | Train Loss: 0.4126741 Vali Loss: 0.9256907 Test Loss: 0.4136130
EarlyStopping counter: 14 out of 100
Updating learning rate to 1.9662705047555332e-08
Epoch: 85 cost time: 43.402143478393555
Epoch: 85, Steps: 63 | Train Loss: 0.4120895 Vali Loss: 0.9261899 Test Loss: 0.4136307
EarlyStopping counter: 15 out of 100
Updating learning rate to 1.7696434542799797e-08
Epoch: 86 cost time: 42.35987949371338
Epoch: 86, Steps: 63 | Train Loss: 0.4116952 Vali Loss: 0.9262148 Test Loss: 0.4136393
EarlyStopping counter: 16 out of 100
Updating learning rate to 1.5926791088519817e-08
Epoch: 87 cost time: 40.77672553062439
Epoch: 87, Steps: 63 | Train Loss: 0.4121802 Vali Loss: 0.9253299 Test Loss: 0.4136629
Validation loss decreased (0.925386 --> 0.925330).  Saving model ...
Updating learning rate to 1.4334111979667836e-08
Epoch: 88 cost time: 49.117419958114624
Epoch: 88, Steps: 63 | Train Loss: 0.4122787 Vali Loss: 0.9261855 Test Loss: 0.4136599
EarlyStopping counter: 1 out of 100
Updating learning rate to 1.2900700781701054e-08
Epoch: 89 cost time: 46.256080627441406
Epoch: 89, Steps: 63 | Train Loss: 0.4125137 Vali Loss: 0.9259950 Test Loss: 0.4136297
EarlyStopping counter: 2 out of 100
Updating learning rate to 1.161063070353095e-08
Epoch: 90 cost time: 47.87645506858826
Epoch: 90, Steps: 63 | Train Loss: 0.4117449 Vali Loss: 0.9261414 Test Loss: 0.4136089
EarlyStopping counter: 3 out of 100
Updating learning rate to 1.0449567633177854e-08
Epoch: 91 cost time: 47.574973344802856
Epoch: 91, Steps: 63 | Train Loss: 0.4119947 Vali Loss: 0.9255952 Test Loss: 0.4136963
EarlyStopping counter: 4 out of 100
Updating learning rate to 9.404610869860069e-09
Epoch: 92 cost time: 40.57029390335083
Epoch: 92, Steps: 63 | Train Loss: 0.4121860 Vali Loss: 0.9262220 Test Loss: 0.4136232
EarlyStopping counter: 5 out of 100
Updating learning rate to 8.464149782874063e-09
Epoch: 93 cost time: 42.928571939468384
Epoch: 93, Steps: 63 | Train Loss: 0.4123909 Vali Loss: 0.9259152 Test Loss: 0.4137122
EarlyStopping counter: 6 out of 100
Updating learning rate to 7.617734804586658e-09
Epoch: 94 cost time: 43.91536569595337
Epoch: 94, Steps: 63 | Train Loss: 0.4122308 Vali Loss: 0.9256902 Test Loss: 0.4136477
EarlyStopping counter: 7 out of 100
Updating learning rate to 6.855961324127991e-09
Epoch: 95 cost time: 40.26188325881958
Epoch: 95, Steps: 63 | Train Loss: 0.4119075 Vali Loss: 0.9261274 Test Loss: 0.4136848
EarlyStopping counter: 8 out of 100
Updating learning rate to 6.170365191715193e-09
Epoch: 96 cost time: 43.89584016799927
Epoch: 96, Steps: 63 | Train Loss: 0.4117945 Vali Loss: 0.9261807 Test Loss: 0.4136287
EarlyStopping counter: 9 out of 100
Updating learning rate to 5.5533286725436726e-09
Epoch: 97 cost time: 45.0587739944458
Epoch: 97, Steps: 63 | Train Loss: 0.4123649 Vali Loss: 0.9257742 Test Loss: 0.4136821
EarlyStopping counter: 10 out of 100
Updating learning rate to 4.997995805289306e-09
Epoch: 98 cost time: 40.59444785118103
Epoch: 98, Steps: 63 | Train Loss: 0.4122103 Vali Loss: 0.9258929 Test Loss: 0.4136143
EarlyStopping counter: 11 out of 100
Updating learning rate to 4.498196224760375e-09
Epoch: 99 cost time: 41.99639654159546
Epoch: 99, Steps: 63 | Train Loss: 0.4121477 Vali Loss: 0.9262466 Test Loss: 0.4136832
EarlyStopping counter: 12 out of 100
Updating learning rate to 4.048376602284338e-09
Epoch: 100 cost time: 39.92818999290466
Epoch: 100, Steps: 63 | Train Loss: 0.4116466 Vali Loss: 0.9262146 Test Loss: 0.4136464
EarlyStopping counter: 13 out of 100
Updating learning rate to 3.643538942055904e-09
>>>>>>>testing : 336_192_PatchTST_ETTh1_ftM_sl336_ll48_pl192_dm16_nh4_el3_dl1_df128_fc1_ebtimeF_dtTrue_Exp_0<<<<<<<<<<<<<<<<<<<<<<<<<<<<<<<<<
test 2689
mse:0.4136628210544586, mae:0.42106398940086365, rse:0.6107661128044128
