Args in experiment:
Namespace(random_seed=2021, is_training=1, model_id='336_192', model='PatchTST', data='ETTh2', root_path='./dataset/', data_path='ETTh2.csv', features='M', target='OT', freq='h', checkpoints='./checkpoints/', seq_len=336, label_len=48, pred_len=192, fc_dropout=0.3, head_dropout=0.0, patch_len=16, stride=8, padding_patch='end', revin=1, affine=0, subtract_last=0, decomposition=0, kernel_size=25, individual=0, embed_type=0, enc_in=7, dec_in=7, c_out=7, d_model=16, n_heads=4, e_layers=3, d_layers=1, d_ff=128, moving_avg=25, factor=1, distil=True, dropout=0.3, embed='timeF', activation='gelu', output_attention=False, do_predict=False, num_workers=10, itr=1, train_epochs=100, batch_size=128, patience=100, learning_rate=0.0001, des='Exp', loss='mse', lradj='type3', pct_start=0.3, use_amp=False, use_gpu=True, gpu=0, use_multi_gpu=False, devices='0,1,2,3', test_flop=False)
Use GPU: cuda:0
>>>>>>>start training : 336_192_PatchTST_ETTh2_ftM_sl336_ll48_pl192_dm16_nh4_el3_dl1_df128_fc1_ebtimeF_dtTrue_Exp_0>>>>>>>>>>>>>>>>>>>>>>>>>>
train 8113
val 2689
test 2689
Epoch: 1 cost time: 19.701531648635864
Epoch: 1, Steps: 63 | Train Loss: 0.7364618 Vali Loss: 0.4131746 Test Loss: 0.4346986
Validation loss decreased (inf --> 0.413175).  Saving model ...
Updating learning rate to 0.0001
Epoch: 2 cost time: 22.300300359725952
Epoch: 2, Steps: 63 | Train Loss: 0.6597691 Vali Loss: 0.3225521 Test Loss: 0.3828779
Validation loss decreased (0.413175 --> 0.322552).  Saving model ...
Updating learning rate to 0.0001
Epoch: 3 cost time: 23.141288995742798
Epoch: 3, Steps: 63 | Train Loss: 0.5892438 Vali Loss: 0.3017294 Test Loss: 0.3621731
Validation loss decreased (0.322552 --> 0.301729).  Saving model ...
Updating learning rate to 0.0001
Epoch: 4 cost time: 22.540206909179688
Epoch: 4, Steps: 63 | Train Loss: 0.5585963 Vali Loss: 0.2906491 Test Loss: 0.3528734
Validation loss decreased (0.301729 --> 0.290649).  Saving model ...
Updating learning rate to 9e-05
Epoch: 5 cost time: 29.192701816558838
Epoch: 5, Steps: 63 | Train Loss: 0.5413891 Vali Loss: 0.2862694 Test Loss: 0.3465519
Validation loss decreased (0.290649 --> 0.286269).  Saving model ...
Updating learning rate to 8.1e-05
Epoch: 6 cost time: 31.839918613433838
Epoch: 6, Steps: 63 | Train Loss: 0.5349971 Vali Loss: 0.2819993 Test Loss: 0.3445766
Validation loss decreased (0.286269 --> 0.281999).  Saving model ...
Updating learning rate to 7.290000000000001e-05
Epoch: 7 cost time: 27.914292573928833
Epoch: 7, Steps: 63 | Train Loss: 0.5264683 Vali Loss: 0.2803404 Test Loss: 0.3424228
Validation loss decreased (0.281999 --> 0.280340).  Saving model ...
Updating learning rate to 6.561e-05
Epoch: 8 cost time: 24.376678466796875
Epoch: 8, Steps: 63 | Train Loss: 0.5233823 Vali Loss: 0.2797898 Test Loss: 0.3407472
Validation loss decreased (0.280340 --> 0.279790).  Saving model ...
Updating learning rate to 5.904900000000001e-05
Epoch: 9 cost time: 26.538519620895386
Epoch: 9, Steps: 63 | Train Loss: 0.5188249 Vali Loss: 0.2784994 Test Loss: 0.3399780
Validation loss decreased (0.279790 --> 0.278499).  Saving model ...
Updating learning rate to 5.3144100000000005e-05
Epoch: 10 cost time: 36.7234673500061
Epoch: 10, Steps: 63 | Train Loss: 0.5173934 Vali Loss: 0.2781444 Test Loss: 0.3391015
Validation loss decreased (0.278499 --> 0.278144).  Saving model ...
Updating learning rate to 4.782969000000001e-05
Epoch: 11 cost time: 31.12612771987915
Epoch: 11, Steps: 63 | Train Loss: 0.5136707 Vali Loss: 0.2783772 Test Loss: 0.3385669
EarlyStopping counter: 1 out of 100
Updating learning rate to 4.304672100000001e-05
Epoch: 12 cost time: 25.87455654144287
Epoch: 12, Steps: 63 | Train Loss: 0.5116491 Vali Loss: 0.2779545 Test Loss: 0.3385947
Validation loss decreased (0.278144 --> 0.277955).  Saving model ...
Updating learning rate to 3.874204890000001e-05
Epoch: 13 cost time: 27.913755655288696
Epoch: 13, Steps: 63 | Train Loss: 0.5088051 Vali Loss: 0.2781305 Test Loss: 0.3381832
EarlyStopping counter: 1 out of 100
Updating learning rate to 3.486784401000001e-05
Epoch: 14 cost time: 24.78055191040039
Epoch: 14, Steps: 63 | Train Loss: 0.5054589 Vali Loss: 0.2781247 Test Loss: 0.3377843
EarlyStopping counter: 2 out of 100
Updating learning rate to 3.138105960900001e-05
Epoch: 15 cost time: 30.60063862800598
Epoch: 15, Steps: 63 | Train Loss: 0.5030184 Vali Loss: 0.2786269 Test Loss: 0.3384034
EarlyStopping counter: 3 out of 100
Updating learning rate to 2.824295364810001e-05
Epoch: 16 cost time: 30.70501399040222
Epoch: 16, Steps: 63 | Train Loss: 0.5051827 Vali Loss: 0.2796059 Test Loss: 0.3377065
EarlyStopping counter: 4 out of 100
Updating learning rate to 2.541865828329001e-05
Epoch: 17 cost time: 28.527456998825073
Epoch: 17, Steps: 63 | Train Loss: 0.5012629 Vali Loss: 0.2795911 Test Loss: 0.3379930
EarlyStopping counter: 5 out of 100
Updating learning rate to 2.287679245496101e-05
Epoch: 18 cost time: 30.575663328170776
Epoch: 18, Steps: 63 | Train Loss: 0.5004157 Vali Loss: 0.2796448 Test Loss: 0.3379724
EarlyStopping counter: 6 out of 100
Updating learning rate to 2.0589113209464907e-05
Epoch: 19 cost time: 29.717660665512085
Epoch: 19, Steps: 63 | Train Loss: 0.5009352 Vali Loss: 0.2802215 Test Loss: 0.3379790
EarlyStopping counter: 7 out of 100
Updating learning rate to 1.8530201888518416e-05
Epoch: 20 cost time: 30.342325925827026
Epoch: 20, Steps: 63 | Train Loss: 0.4975474 Vali Loss: 0.2795020 Test Loss: 0.3383944
EarlyStopping counter: 8 out of 100
Updating learning rate to 1.6677181699666577e-05
Epoch: 21 cost time: 29.38058853149414
Epoch: 21, Steps: 63 | Train Loss: 0.4984274 Vali Loss: 0.2792040 Test Loss: 0.3386515
EarlyStopping counter: 9 out of 100
Updating learning rate to 1.5009463529699919e-05
Epoch: 22 cost time: 27.048213481903076
Epoch: 22, Steps: 63 | Train Loss: 0.4988580 Vali Loss: 0.2794985 Test Loss: 0.3384390
EarlyStopping counter: 10 out of 100
Updating learning rate to 1.3508517176729929e-05
Epoch: 23 cost time: 26.075628757476807
Epoch: 23, Steps: 63 | Train Loss: 0.4979193 Vali Loss: 0.2790397 Test Loss: 0.3387101
EarlyStopping counter: 11 out of 100
Updating learning rate to 1.2157665459056936e-05
Epoch: 24 cost time: 25.427499771118164
Epoch: 24, Steps: 63 | Train Loss: 0.4944367 Vali Loss: 0.2792603 Test Loss: 0.3386410
EarlyStopping counter: 12 out of 100
Updating learning rate to 1.0941898913151242e-05
Epoch: 25 cost time: 32.33168315887451
Epoch: 25, Steps: 63 | Train Loss: 0.4966445 Vali Loss: 0.2788146 Test Loss: 0.3388582
EarlyStopping counter: 13 out of 100
Updating learning rate to 9.847709021836118e-06
Epoch: 26 cost time: 31.586272478103638
Epoch: 26, Steps: 63 | Train Loss: 0.4967897 Vali Loss: 0.2795210 Test Loss: 0.3386199
EarlyStopping counter: 14 out of 100
Updating learning rate to 8.862938119652508e-06
Epoch: 27 cost time: 26.940044164657593
Epoch: 27, Steps: 63 | Train Loss: 0.4950207 Vali Loss: 0.2794290 Test Loss: 0.3388651
EarlyStopping counter: 15 out of 100
Updating learning rate to 7.976644307687255e-06
Epoch: 28 cost time: 27.352533102035522
Epoch: 28, Steps: 63 | Train Loss: 0.4943996 Vali Loss: 0.2792289 Test Loss: 0.3390024
EarlyStopping counter: 16 out of 100
Updating learning rate to 7.178979876918531e-06
Epoch: 29 cost time: 32.06838846206665
Epoch: 29, Steps: 63 | Train Loss: 0.4960621 Vali Loss: 0.2795875 Test Loss: 0.3387672
EarlyStopping counter: 17 out of 100
Updating learning rate to 6.4610818892266776e-06
Epoch: 30 cost time: 29.593679666519165
Epoch: 30, Steps: 63 | Train Loss: 0.4957488 Vali Loss: 0.2790601 Test Loss: 0.3388775
EarlyStopping counter: 18 out of 100
Updating learning rate to 5.8149737003040096e-06
Epoch: 31 cost time: 24.64070439338684
Epoch: 31, Steps: 63 | Train Loss: 0.4943081 Vali Loss: 0.2797359 Test Loss: 0.3388222
EarlyStopping counter: 19 out of 100
Updating learning rate to 5.23347633027361e-06
Epoch: 32 cost time: 27.30122447013855
Epoch: 32, Steps: 63 | Train Loss: 0.4946190 Vali Loss: 0.2793176 Test Loss: 0.3389932
EarlyStopping counter: 20 out of 100
Updating learning rate to 4.710128697246249e-06
Epoch: 33 cost time: 27.460792303085327
Epoch: 33, Steps: 63 | Train Loss: 0.4953822 Vali Loss: 0.2792243 Test Loss: 0.3390018
EarlyStopping counter: 21 out of 100
Updating learning rate to 4.239115827521624e-06
Epoch: 34 cost time: 30.493075370788574
Epoch: 34, Steps: 63 | Train Loss: 0.4935695 Vali Loss: 0.2793276 Test Loss: 0.3390430
EarlyStopping counter: 22 out of 100
Updating learning rate to 3.815204244769462e-06
Epoch: 35 cost time: 31.30300283432007
Epoch: 35, Steps: 63 | Train Loss: 0.4942678 Vali Loss: 0.2789356 Test Loss: 0.3390571
EarlyStopping counter: 23 out of 100
Updating learning rate to 3.4336838202925152e-06
Epoch: 36 cost time: 26.93583869934082
Epoch: 36, Steps: 63 | Train Loss: 0.4941688 Vali Loss: 0.2790045 Test Loss: 0.3390271
EarlyStopping counter: 24 out of 100
Updating learning rate to 3.090315438263264e-06
Epoch: 37 cost time: 34.703147649765015
Epoch: 37, Steps: 63 | Train Loss: 0.4945234 Vali Loss: 0.2793133 Test Loss: 0.3390110
EarlyStopping counter: 25 out of 100
Updating learning rate to 2.7812838944369375e-06
Epoch: 38 cost time: 26.80003046989441
Epoch: 38, Steps: 63 | Train Loss: 0.4936706 Vali Loss: 0.2791171 Test Loss: 0.3391182
EarlyStopping counter: 26 out of 100
Updating learning rate to 2.503155504993244e-06
Epoch: 39 cost time: 30.58682632446289
Epoch: 39, Steps: 63 | Train Loss: 0.4946535 Vali Loss: 0.2791463 Test Loss: 0.3392227
EarlyStopping counter: 27 out of 100
Updating learning rate to 2.2528399544939195e-06
Epoch: 40 cost time: 30.40224575996399
Epoch: 40, Steps: 63 | Train Loss: 0.4921220 Vali Loss: 0.2791653 Test Loss: 0.3392099
EarlyStopping counter: 28 out of 100
Updating learning rate to 2.0275559590445276e-06
Epoch: 41 cost time: 27.25224757194519
Epoch: 41, Steps: 63 | Train Loss: 0.4928901 Vali Loss: 0.2792570 Test Loss: 0.3390105
EarlyStopping counter: 29 out of 100
Updating learning rate to 1.8248003631400751e-06
Epoch: 42 cost time: 27.494332790374756
Epoch: 42, Steps: 63 | Train Loss: 0.4938980 Vali Loss: 0.2784875 Test Loss: 0.3391714
EarlyStopping counter: 30 out of 100
Updating learning rate to 1.6423203268260676e-06
Epoch: 43 cost time: 23.855567455291748
Epoch: 43, Steps: 63 | Train Loss: 0.4930443 Vali Loss: 0.2785235 Test Loss: 0.3392452
EarlyStopping counter: 31 out of 100
Updating learning rate to 1.4780882941434609e-06
Epoch: 44 cost time: 29.315431594848633
Epoch: 44, Steps: 63 | Train Loss: 0.4928471 Vali Loss: 0.2790717 Test Loss: 0.3392860
EarlyStopping counter: 32 out of 100
Updating learning rate to 1.3302794647291146e-06
Epoch: 45 cost time: 33.15246891975403
Epoch: 45, Steps: 63 | Train Loss: 0.4931681 Vali Loss: 0.2792048 Test Loss: 0.3392571
EarlyStopping counter: 33 out of 100
Updating learning rate to 1.1972515182562034e-06
Epoch: 46 cost time: 26.564446687698364
Epoch: 46, Steps: 63 | Train Loss: 0.4928956 Vali Loss: 0.2790804 Test Loss: 0.3393229
EarlyStopping counter: 34 out of 100
Updating learning rate to 1.077526366430583e-06
Epoch: 47 cost time: 27.977007150650024
Epoch: 47, Steps: 63 | Train Loss: 0.4931458 Vali Loss: 0.2789999 Test Loss: 0.3394053
EarlyStopping counter: 35 out of 100
Updating learning rate to 9.697737297875248e-07
Epoch: 48 cost time: 26.47854208946228
Epoch: 48, Steps: 63 | Train Loss: 0.4904658 Vali Loss: 0.2790681 Test Loss: 0.3391729
EarlyStopping counter: 36 out of 100
Updating learning rate to 8.727963568087723e-07
Epoch: 49 cost time: 33.407835245132446
Epoch: 49, Steps: 63 | Train Loss: 0.4926431 Vali Loss: 0.2790035 Test Loss: 0.3392967
EarlyStopping counter: 37 out of 100
Updating learning rate to 7.855167211278951e-07
Epoch: 50 cost time: 33.065823554992676
Epoch: 50, Steps: 63 | Train Loss: 0.4943577 Vali Loss: 0.2791773 Test Loss: 0.3390649
EarlyStopping counter: 38 out of 100
Updating learning rate to 7.069650490151056e-07
Epoch: 51 cost time: 27.757668018341064
Epoch: 51, Steps: 63 | Train Loss: 0.4930077 Vali Loss: 0.2786815 Test Loss: 0.3392473
EarlyStopping counter: 39 out of 100
Updating learning rate to 6.36268544113595e-07
Epoch: 52 cost time: 25.88105273246765
Epoch: 52, Steps: 63 | Train Loss: 0.4938781 Vali Loss: 0.2792785 Test Loss: 0.3391741
EarlyStopping counter: 40 out of 100
Updating learning rate to 5.726416897022355e-07
Epoch: 53 cost time: 26.634968519210815
Epoch: 53, Steps: 63 | Train Loss: 0.4935666 Vali Loss: 0.2789763 Test Loss: 0.3393022
EarlyStopping counter: 41 out of 100
Updating learning rate to 5.15377520732012e-07
Epoch: 54 cost time: 31.203994274139404
Epoch: 54, Steps: 63 | Train Loss: 0.4919534 Vali Loss: 0.2787754 Test Loss: 0.3393181
EarlyStopping counter: 42 out of 100
Updating learning rate to 4.6383976865881085e-07
Epoch: 55 cost time: 34.24669337272644
Epoch: 55, Steps: 63 | Train Loss: 0.4926224 Vali Loss: 0.2788541 Test Loss: 0.3392156
EarlyStopping counter: 43 out of 100
Updating learning rate to 4.174557917929298e-07
Epoch: 56 cost time: 28.970428466796875
Epoch: 56, Steps: 63 | Train Loss: 0.4948896 Vali Loss: 0.2791674 Test Loss: 0.3391807
EarlyStopping counter: 44 out of 100
Updating learning rate to 3.7571021261363677e-07
Epoch: 57 cost time: 35.53733015060425
Epoch: 57, Steps: 63 | Train Loss: 0.4928117 Vali Loss: 0.2793251 Test Loss: 0.3390611
EarlyStopping counter: 45 out of 100
Updating learning rate to 3.381391913522731e-07
Epoch: 58 cost time: 28.450955629348755
Epoch: 58, Steps: 63 | Train Loss: 0.4932259 Vali Loss: 0.2790772 Test Loss: 0.3393035
EarlyStopping counter: 46 out of 100
Updating learning rate to 3.043252722170458e-07
Epoch: 59 cost time: 35.443119525909424
Epoch: 59, Steps: 63 | Train Loss: 0.4913466 Vali Loss: 0.2789660 Test Loss: 0.3393212
EarlyStopping counter: 47 out of 100
Updating learning rate to 2.7389274499534124e-07
Epoch: 60 cost time: 36.10332679748535
Epoch: 60, Steps: 63 | Train Loss: 0.4925883 Vali Loss: 0.2787232 Test Loss: 0.3392913
EarlyStopping counter: 48 out of 100
Updating learning rate to 2.465034704958071e-07
Epoch: 61 cost time: 31.924810647964478
Epoch: 61, Steps: 63 | Train Loss: 0.4934823 Vali Loss: 0.2789460 Test Loss: 0.3391843
EarlyStopping counter: 49 out of 100
Updating learning rate to 2.218531234462264e-07
Epoch: 62 cost time: 25.41736602783203
Epoch: 62, Steps: 63 | Train Loss: 0.4935428 Vali Loss: 0.2790687 Test Loss: 0.3391863
EarlyStopping counter: 50 out of 100
Updating learning rate to 1.9966781110160376e-07
Epoch: 63 cost time: 24.724674940109253
Epoch: 63, Steps: 63 | Train Loss: 0.4920064 Vali Loss: 0.2788987 Test Loss: 0.3393110
EarlyStopping counter: 51 out of 100
Updating learning rate to 1.797010299914434e-07
Epoch: 64 cost time: 28.243406772613525
Epoch: 64, Steps: 63 | Train Loss: 0.4922737 Vali Loss: 0.2789029 Test Loss: 0.3393033
EarlyStopping counter: 52 out of 100
Updating learning rate to 1.6173092699229907e-07
Epoch: 65 cost time: 29.433086395263672
Epoch: 65, Steps: 63 | Train Loss: 0.4937325 Vali Loss: 0.2788619 Test Loss: 0.3393477
EarlyStopping counter: 53 out of 100
Updating learning rate to 1.4555783429306916e-07
Epoch: 66 cost time: 28.440441131591797
Epoch: 66, Steps: 63 | Train Loss: 0.4945170 Vali Loss: 0.2789825 Test Loss: 0.3393281
EarlyStopping counter: 54 out of 100
Updating learning rate to 1.3100205086376224e-07
Epoch: 67 cost time: 25.613744735717773
Epoch: 67, Steps: 63 | Train Loss: 0.4915651 Vali Loss: 0.2789303 Test Loss: 0.3393665
EarlyStopping counter: 55 out of 100
Updating learning rate to 1.1790184577738603e-07
Epoch: 68 cost time: 25.690211057662964
Epoch: 68, Steps: 63 | Train Loss: 0.4941818 Vali Loss: 0.2784675 Test Loss: 0.3393474
EarlyStopping counter: 56 out of 100
Updating learning rate to 1.0611166119964742e-07
Epoch: 69 cost time: 26.973777055740356
Epoch: 69, Steps: 63 | Train Loss: 0.4923821 Vali Loss: 0.2785151 Test Loss: 0.3392995
EarlyStopping counter: 57 out of 100
Updating learning rate to 9.550049507968268e-08
Epoch: 70 cost time: 34.225374937057495
Epoch: 70, Steps: 63 | Train Loss: 0.4936363 Vali Loss: 0.2787486 Test Loss: 0.3393276
EarlyStopping counter: 58 out of 100
Updating learning rate to 8.595044557171442e-08
Epoch: 71 cost time: 28.9546217918396
Epoch: 71, Steps: 63 | Train Loss: 0.4920561 Vali Loss: 0.2789659 Test Loss: 0.3393088
EarlyStopping counter: 59 out of 100
Updating learning rate to 7.735540101454298e-08
Epoch: 72 cost time: 26.35899806022644
Epoch: 72, Steps: 63 | Train Loss: 0.4936449 Vali Loss: 0.2789622 Test Loss: 0.3393222
EarlyStopping counter: 60 out of 100
Updating learning rate to 6.961986091308869e-08
Epoch: 73 cost time: 27.303486824035645
Epoch: 73, Steps: 63 | Train Loss: 0.4926362 Vali Loss: 0.2791386 Test Loss: 0.3393580
EarlyStopping counter: 61 out of 100
Updating learning rate to 6.265787482177981e-08
Epoch: 74 cost time: 25.02210569381714
Epoch: 74, Steps: 63 | Train Loss: 0.4925264 Vali Loss: 0.2792274 Test Loss: 0.3391927
EarlyStopping counter: 62 out of 100
Updating learning rate to 5.639208733960184e-08
Epoch: 75 cost time: 30.435685634613037
Epoch: 75, Steps: 63 | Train Loss: 0.4936360 Vali Loss: 0.2790161 Test Loss: 0.3393068
EarlyStopping counter: 63 out of 100
Updating learning rate to 5.075287860564165e-08
Epoch: 76 cost time: 29.831470012664795
Epoch: 76, Steps: 63 | Train Loss: 0.4932522 Vali Loss: 0.2788453 Test Loss: 0.3391811
EarlyStopping counter: 64 out of 100
Updating learning rate to 4.567759074507749e-08
Epoch: 77 cost time: 29.24508786201477
Epoch: 77, Steps: 63 | Train Loss: 0.4919179 Vali Loss: 0.2791179 Test Loss: 0.3392204
EarlyStopping counter: 65 out of 100
Updating learning rate to 4.1109831670569744e-08
Epoch: 78 cost time: 26.910983324050903
Epoch: 78, Steps: 63 | Train Loss: 0.4920148 Vali Loss: 0.2792695 Test Loss: 0.3392513
EarlyStopping counter: 66 out of 100
Updating learning rate to 3.6998848503512764e-08
Epoch: 79 cost time: 27.716050386428833
Epoch: 79, Steps: 63 | Train Loss: 0.4929085 Vali Loss: 0.2787696 Test Loss: 0.3393710
EarlyStopping counter: 67 out of 100
Updating learning rate to 3.3298963653161496e-08
Epoch: 80 cost time: 29.39694857597351
Epoch: 80, Steps: 63 | Train Loss: 0.4930232 Vali Loss: 0.2790429 Test Loss: 0.3393836
EarlyStopping counter: 68 out of 100
Updating learning rate to 2.996906728784534e-08
Epoch: 81 cost time: 33.27611780166626
Epoch: 81, Steps: 63 | Train Loss: 0.4924987 Vali Loss: 0.2788314 Test Loss: 0.3393674
EarlyStopping counter: 69 out of 100
Updating learning rate to 2.697216055906081e-08
Epoch: 82 cost time: 26.051164388656616
Epoch: 82, Steps: 63 | Train Loss: 0.4926240 Vali Loss: 0.2788456 Test Loss: 0.3393524
EarlyStopping counter: 70 out of 100
Updating learning rate to 2.427494450315473e-08
Epoch: 83 cost time: 28.428961753845215
Epoch: 83, Steps: 63 | Train Loss: 0.4931395 Vali Loss: 0.2791263 Test Loss: 0.3393453
EarlyStopping counter: 71 out of 100
Updating learning rate to 2.1847450052839257e-08
Epoch: 84 cost time: 30.000112295150757
Epoch: 84, Steps: 63 | Train Loss: 0.4901727 Vali Loss: 0.2789966 Test Loss: 0.3393559
EarlyStopping counter: 72 out of 100
Updating learning rate to 1.9662705047555332e-08
Epoch: 85 cost time: 28.692972421646118
Epoch: 85, Steps: 63 | Train Loss: 0.4922321 Vali Loss: 0.2791487 Test Loss: 0.3393901
EarlyStopping counter: 73 out of 100
Updating learning rate to 1.7696434542799797e-08
Epoch: 86 cost time: 31.24567937850952
Epoch: 86, Steps: 63 | Train Loss: 0.4933764 Vali Loss: 0.2789356 Test Loss: 0.3392697
EarlyStopping counter: 74 out of 100
Updating learning rate to 1.5926791088519817e-08
Epoch: 87 cost time: 26.668646335601807
Epoch: 87, Steps: 63 | Train Loss: 0.4931169 Vali Loss: 0.2786337 Test Loss: 0.3393138
EarlyStopping counter: 75 out of 100
Updating learning rate to 1.4334111979667836e-08
Epoch: 88 cost time: 28.947706937789917
Epoch: 88, Steps: 63 | Train Loss: 0.4901517 Vali Loss: 0.2788314 Test Loss: 0.3392948
EarlyStopping counter: 76 out of 100
Updating learning rate to 1.2900700781701054e-08
Epoch: 89 cost time: 27.998748540878296
Epoch: 89, Steps: 63 | Train Loss: 0.4930502 Vali Loss: 0.2791463 Test Loss: 0.3393092
EarlyStopping counter: 77 out of 100
Updating learning rate to 1.161063070353095e-08
Epoch: 90 cost time: 36.06348633766174
Epoch: 90, Steps: 63 | Train Loss: 0.4941424 Vali Loss: 0.2790673 Test Loss: 0.3392807
EarlyStopping counter: 78 out of 100
Updating learning rate to 1.0449567633177854e-08
Epoch: 91 cost time: 29.31671380996704
Epoch: 91, Steps: 63 | Train Loss: 0.4930629 Vali Loss: 0.2789072 Test Loss: 0.3394609
EarlyStopping counter: 79 out of 100
Updating learning rate to 9.404610869860069e-09
Epoch: 92 cost time: 27.324077606201172
Epoch: 92, Steps: 63 | Train Loss: 0.4925944 Vali Loss: 0.2790072 Test Loss: 0.3393714
EarlyStopping counter: 80 out of 100
Updating learning rate to 8.464149782874063e-09
Epoch: 93 cost time: 27.02684712409973
Epoch: 93, Steps: 63 | Train Loss: 0.4929856 Vali Loss: 0.2787808 Test Loss: 0.3394141
EarlyStopping counter: 81 out of 100
Updating learning rate to 7.617734804586658e-09
Epoch: 94 cost time: 28.00166940689087
Epoch: 94, Steps: 63 | Train Loss: 0.4948862 Vali Loss: 0.2790108 Test Loss: 0.3392513
EarlyStopping counter: 82 out of 100
Updating learning rate to 6.855961324127991e-09
Epoch: 95 cost time: 31.190126657485962
Epoch: 95, Steps: 63 | Train Loss: 0.4932840 Vali Loss: 0.2790861 Test Loss: 0.3391476
EarlyStopping counter: 83 out of 100
Updating learning rate to 6.170365191715193e-09
Epoch: 96 cost time: 31.420639276504517
Epoch: 96, Steps: 63 | Train Loss: 0.4937571 Vali Loss: 0.2788950 Test Loss: 0.3394341
EarlyStopping counter: 84 out of 100
Updating learning rate to 5.5533286725436726e-09
Epoch: 97 cost time: 26.749268531799316
Epoch: 97, Steps: 63 | Train Loss: 0.4935992 Vali Loss: 0.2789664 Test Loss: 0.3393101
EarlyStopping counter: 85 out of 100
Updating learning rate to 4.997995805289306e-09
Epoch: 98 cost time: 26.018328428268433
Epoch: 98, Steps: 63 | Train Loss: 0.4934802 Vali Loss: 0.2792900 Test Loss: 0.3390270
EarlyStopping counter: 86 out of 100
Updating learning rate to 4.498196224760375e-09
Epoch: 99 cost time: 24.782981157302856
Epoch: 99, Steps: 63 | Train Loss: 0.4922878 Vali Loss: 0.2787861 Test Loss: 0.3392880
EarlyStopping counter: 87 out of 100
Updating learning rate to 4.048376602284338e-09
Epoch: 100 cost time: 30.673048734664917
Epoch: 100, Steps: 63 | Train Loss: 0.4920887 Vali Loss: 0.2792286 Test Loss: 0.3391925
EarlyStopping counter: 88 out of 100
Updating learning rate to 3.643538942055904e-09
>>>>>>>testing : 336_192_PatchTST_ETTh2_ftM_sl336_ll48_pl192_dm16_nh4_el3_dl1_df128_fc1_ebtimeF_dtTrue_Exp_0<<<<<<<<<<<<<<<<<<<<<<<<<<<<<<<<<
test 2689
mse:0.33859461545944214, mae:0.3791741132736206, rse:0.4665965735912323
